\BOOKMARK [1][-]{section*.1}{\376\377\000A\000b\000s\000t\000r\000a\000c\000t}{}% 1
\BOOKMARK [1][-]{section.1}{\376\377\0001\000\040\000I\000n\000t\000r\000o\000d\000u\000c\000t\000i\000o\000n}{}% 2
\BOOKMARK [1][-]{section.2}{\376\377\0002\000\040\000B\000a\000c\000k\000g\000r\000o\000u\000n\000d}{}% 3
\BOOKMARK [2][-]{subsection.2.1}{\376\377\0002\000.\0001\000\040\000I\000n\000t\000e\000l\000\040\000S\000G\000X}{section.2}% 4
\BOOKMARK [2][-]{subsection.2.2}{\376\377\0002\000.\0002\000\040\000S\000t\000o\000r\000a\000g\000e\000\040\000S\000t\000r\000u\000c\000t\000u\000r\000e}{section.2}% 5
\BOOKMARK [2][-]{subsection.2.3}{\376\377\0002\000.\0003\000\040\000S\000i\000d\000e\000-\000C\000h\000a\000n\000n\000e\000l\000\040\000A\000t\000t\000a\000c\000k\000s\000\040\000o\000n\000\040\000t\000h\000e\000\040\000E\000n\000c\000l\000a\000v\000e}{section.2}% 6
\BOOKMARK [2][-]{subsection.2.4}{\376\377\0002\000.\0004\000\040\000I\000n\000t\000e\000l\000\040\000T\000S\000X}{section.2}% 7
\BOOKMARK [1][-]{section.3}{\376\377\0003\000\040\000A\000t\000t\000a\000c\000k\000s}{}% 8
\BOOKMARK [2][-]{subsection.3.1}{\376\377\0003\000.\0001\000\040\000A\000t\000t\000a\000c\000k\000\040\000M\000o\000d\000e\000l}{section.3}% 9
\BOOKMARK [2][-]{subsection.3.2}{\376\377\0003\000.\0002\000\040\000P\000o\000i\000n\000t\000s\000\040\000o\000f\000\040\000A\000t\000t\000a\000c\000k}{section.3}% 10
\BOOKMARK [2][-]{subsection.3.3}{\376\377\0003\000.\0003\000\040\000C\000a\000c\000h\000e\000-\000B\000a\000s\000e\000d\000\040\000A\000t\000t\000a\000c\000k\000s}{section.3}% 11
\BOOKMARK [2][-]{subsection.3.4}{\376\377\0003\000.\0004\000\040\000F\000l\000u\000s\000h\000+\000R\000e\000l\000o\000a\000d}{section.3}% 12
\BOOKMARK [2][-]{subsection.3.5}{\376\377\0003\000.\0005\000\040\000P\000a\000g\000e\000\040\000T\000a\000b\000l\000e\000-\000B\000a\000s\000e\000d\000\040\000A\000t\000t\000a\000c\000k\000s}{section.3}% 13
\BOOKMARK [2][-]{subsection.3.6}{\376\377\0003\000.\0006\000\040\000S\000n\000e\000a\000k\000y\000\040\000P\000a\000g\000e\000-\000M\000o\000n\000i\000t\000o\000r\000i\000n\000g\000\040\000A\000t\000t\000a\000c\000k\000s}{section.3}% 14
\BOOKMARK [2][-]{subsection.3.7}{\376\377\0003\000.\0007\000\040\000D\000R\000A\000M\000A\000\040\000A\000t\000t\000a\000c\000k\000s}{section.3}% 15
\BOOKMARK [2][-]{subsection.3.8}{\376\377\0003\000.\0008\000\040\000C\000a\000c\000h\000e\000-\000D\000R\000A\000M\000\040\000A\000t\000t\000a\000c\000k\000s}{section.3}% 16
\BOOKMARK [2][-]{subsection.3.9}{\376\377\0003\000.\0009\000\040\000F\000l\000u\000s\000h\000+\000F\000l\000u\000s\000h}{section.3}% 17
\BOOKMARK [1][-]{section.4}{\376\377\0004\000\040\000D\000e\000f\000e\000n\000s\000e\000s}{}% 18
\BOOKMARK [2][-]{subsection.4.1}{\376\377\0004\000.\0001\000\040\000A\000t\000t\000a\000c\000k\000\040\000D\000e\000t\000e\000c\000t\000i\000o\000n}{section.4}% 19
\BOOKMARK [2][-]{subsection.4.2}{\376\377\0004\000.\0002\000\040\000A\000t\000t\000a\000c\000k\000\040\000P\000r\000e\000v\000e\000n\000t\000i\000o\000n}{section.4}% 20
\BOOKMARK [1][-]{section.5}{\376\377\0005\000\040\000A\000n\000a\000l\000y\000s\000i\000s}{}% 21
\BOOKMARK [1][-]{section.6}{\376\377\0006\000\040\000C\000o\000n\000c\000l\000u\000s\000i\000o\000n}{}% 22
\BOOKMARK [1][-]{section*.14}{\376\377\000A\000c\000k\000n\000o\000w\000l\000e\000d\000g\000m\000e\000n\000t\000s}{}% 23
\BOOKMARK [1][-]{section*.16}{\376\377\000R\000e\000f\000e\000r\000e\000n\000c\000e\000s}{}% 24
